<?xml version="1.0" encoding="UTF-8"?>
<testsuite xmlns:xsi="http://www.w3.org/2001/XMLSchema-instance" xsi:noNamespaceSchemaLocation="https://maven.apache.org/surefire/maven-surefire-plugin/xsd/surefire-test-report.xsd" name="org.eclipse.emfcloud.modelserver.emf.common.codecs.DICodecsManagerTest" time="0.227" tests="6" errors="0" skipped="0" failures="0">
  <properties>
    <property name="osgi.checkConfiguration" value="true"/>
    <property name="java.specification.version" value="17"/>
    <property name="sun.jnu.encoding" value="UTF-8"/>
    <property name="org.osgi.framework.version" value="1.10.0"/>
    <property name="java.class.path" value="/Users/yunabell/.m2/repository/p2/osgi/bundle/org.eclipse.equinox.launcher/1.6.400.v20210924-0641/org.eclipse.equinox.launcher-1.6.400.v20210924-0641.jar"/>
    <property name="osgi.nl" value="en_NL"/>
    <property name="java.vm.vendor" value="Amazon.com Inc."/>
    <property name="osgi.bundlefile.limit" value="100"/>
    <property name="osgi.syspath" value="/Users/yunabell/.m2/repository/p2/osgi/bundle/org.eclipse.osgi/3.17.200.v20220215-2237"/>
    <property name="sun.arch.data.model" value="64"/>
    <property name="equinox.init.uuid" value="true"/>
    <property name="ds.delayed.keepInstances.default" value="true"/>
    <property name="java.vendor.url" value="https://aws.amazon.com/corretto/"/>
    <property name="org.osgi.framework.system.capabilities" value="osgi.ee; osgi.ee=&quot;OSGi/Minimum&quot;; version:List&lt;Version&gt;=&quot;1.0, 1.1, 1.2&quot;, osgi.ee; osgi.ee=&quot;JRE&quot;; version:List&lt;Version&gt;=&quot;1.0, 1.1&quot;, osgi.ee; osgi.ee=&quot;JavaSE&quot;; version:List&lt;Version&gt;=&quot;1.0, 1.1, 1.2, 1.3, 1.4, 1.5, 1.6, 1.7, 1.8, 9.0, 10.0, 11.0, 12.0, 13.0, 14.0, 15.0, 16.0, 17.0&quot;,osgi.ee; osgi.ee=&quot;JavaSE/compact1&quot;; version:List&lt;Version&gt;=&quot;1.8, 9.0, 10.0, 11.0, 12.0, 13.0, 14.0, 15.0, 16.0, 17.0&quot;,osgi.ee; osgi.ee=&quot;JavaSE/compact2&quot;; version:List&lt;Version&gt;=&quot;1.8, 9.0, 10.0, 11.0, 12.0, 13.0, 14.0, 15.0, 16.0, 17.0&quot;,osgi.ee; osgi.ee=&quot;JavaSE/compact3&quot;; version:List&lt;Version&gt;=&quot;1.8, 9.0, 10.0, 11.0, 12.0, 13.0, 14.0, 15.0, 16.0, 17.0&quot;"/>
    <property name="user.timezone" value="Europe/Amsterdam"/>
    <property name="org.osgi.framework.uuid" value="e6afa61a-c0f9-4e73-97a0-4df8b47afa1a"/>
    <property name="java.vm.specification.version" value="17"/>
    <property name="os.name" value="Mac OS X"/>
    <property name="org.osgi.framework.processor" value="aarch64"/>
    <property name="sun.java.launcher" value="SUN_STANDARD"/>
    <property name="user.country" value="NL"/>
    <property name="sun.boot.library.path" value="/Users/yunabell/Library/Java/JavaVirtualMachines/corretto-17.0.6/Contents/Home/lib"/>
    <property name="sun.java.command" value="/Users/yunabell/.m2/repository/p2/osgi/bundle/org.eclipse.equinox.launcher/1.6.400.v20210924-0641/org.eclipse.equinox.launcher-1.6.400.v20210924-0641.jar -data /Users/yunabell/Desktop/emfcloud-modelserver-extremexp/tests/org.eclipse.emfcloud.modelserver.emf.tests/target/work/data -install /Users/yunabell/Desktop/emfcloud-modelserver-extremexp/tests/org.eclipse.emfcloud.modelserver.emf.tests/target/work -configuration /Users/yunabell/Desktop/emfcloud-modelserver-extremexp/tests/org.eclipse.emfcloud.modelserver.emf.tests/target/work/configuration -application org.eclipse.tycho.surefire.osgibooter.headlesstest -testproperties /Users/yunabell/Desktop/emfcloud-modelserver-extremexp/tests/org.eclipse.emfcloud.modelserver.emf.tests/target/surefire.properties"/>
    <property name="jdk.debug" value="release"/>
    <property name="sun.cpu.endian" value="little"/>
    <property name="org.osgi.supports.framework.requirebundle" value="true"/>
    <property name="osgi.logfile" value="/Users/yunabell/Desktop/emfcloud-modelserver-extremexp/tests/org.eclipse.emfcloud.modelserver.emf.tests/target/work/configuration/1709969796264.log"/>
    <property name="osgi.arch" value="aarch64"/>
    <property name="user.home" value="/Users/yunabell"/>
    <property name="osgi.install.area" value="file:/Users/yunabell/Desktop/emfcloud-modelserver-extremexp/tests/org.eclipse.emfcloud.modelserver.emf.tests/target/work/"/>
    <property name="user.language" value="en"/>
    <property name="java.specification.vendor" value="Oracle Corporation"/>
    <property name="org.osgi.framework.language" value="en"/>
    <property name="org.osgi.framework.system.packages" value="com.sun.jarsigner, com.sun.java.accessibility.util, com.sun.jdi, com.sun.jdi.connect, com.sun.jdi.connect.spi, com.sun.jdi.event, com.sun.jdi.request, com.sun.management, com.sun.net.httpserver, com.sun.net.httpserver.spi, com.sun.nio.file, com.sun.nio.sctp, com.sun.security.auth, com.sun.security.auth.callback, com.sun.security.auth.login, com.sun.security.auth.module, com.sun.security.jgss, com.sun.source.doctree, com.sun.source.tree, com.sun.source.util, com.sun.tools.attach, com.sun.tools.attach.spi, com.sun.tools.javac, com.sun.tools.jconsole, java.applet, java.awt, java.awt.color, java.awt.datatransfer, java.awt.desktop, java.awt.dnd, java.awt.event, java.awt.font, java.awt.geom, java.awt.im, java.awt.im.spi, java.awt.image, java.awt.image.renderable, java.awt.print, java.beans, java.beans.beancontext, java.io, java.lang, java.lang.annotation, java.lang.constant, java.lang.instrument, java.lang.invoke, java.lang.management, java.lang.module, java.lang.ref, java.lang.reflect, java.lang.runtime, java.math, java.net, java.net.http, java.net.spi, java.nio, java.nio.channels, java.nio.channels.spi, java.nio.charset, java.nio.charset.spi, java.nio.file, java.nio.file.attribute, java.nio.file.spi, java.rmi, java.rmi.dgc, java.rmi.registry, java.rmi.server, java.security, java.security.cert, java.security.interfaces, java.security.spec, java.sql, java.text, java.text.spi, java.time, java.time.chrono, java.time.format, java.time.temporal, java.time.zone, java.util, java.util.concurrent, java.util.concurrent.atomic, java.util.concurrent.locks, java.util.function, java.util.jar, java.util.logging, java.util.prefs, java.util.random, java.util.regex, java.util.spi, java.util.stream, java.util.zip, javax.accessibility, javax.annotation.processing, javax.crypto, javax.crypto.interfaces, javax.crypto.spec, javax.imageio, javax.imageio.event, javax.imageio.metadata, javax.imageio.plugins.bmp, javax.imageio.plugins.jpeg, javax.imageio.plugins.tiff, javax.imageio.spi, javax.imageio.stream, javax.lang.model, javax.lang.model.element, javax.lang.model.type, javax.lang.model.util, javax.management, javax.management.loading, javax.management.modelmbean, javax.management.monitor, javax.management.openmbean, javax.management.relation, javax.management.remote, javax.management.remote.rmi, javax.management.timer, javax.naming, javax.naming.directory, javax.naming.event, javax.naming.ldap, javax.naming.ldap.spi, javax.naming.spi, javax.net, javax.net.ssl, javax.print, javax.print.attribute, javax.print.attribute.standard, javax.print.event, javax.rmi.ssl, javax.script, javax.security.auth, javax.security.auth.callback, javax.security.auth.kerberos, javax.security.auth.login, javax.security.auth.spi, javax.security.auth.x500, javax.security.cert, javax.security.sasl, javax.smartcardio, javax.sound.midi, javax.sound.midi.spi, javax.sound.sampled, javax.sound.sampled.spi, javax.sql, javax.sql.rowset, javax.sql.rowset.serial, javax.sql.rowset.spi, javax.swing, javax.swing.border, javax.swing.colorchooser, javax.swing.event, javax.swing.filechooser, javax.swing.plaf, javax.swing.plaf.basic, javax.swing.plaf.metal, javax.swing.plaf.multi, javax.swing.plaf.nimbus, javax.swing.plaf.synth, javax.swing.table, javax.swing.text, javax.swing.text.html, javax.swing.text.html.parser, javax.swing.text.rtf, javax.swing.tree, javax.swing.undo, javax.tools, javax.transaction.xa, javax.xml, javax.xml.catalog, javax.xml.crypto, javax.xml.crypto.dom, javax.xml.crypto.dsig, javax.xml.crypto.dsig.dom, javax.xml.crypto.dsig.keyinfo, javax.xml.crypto.dsig.spec, javax.xml.datatype, javax.xml.namespace, javax.xml.parsers, javax.xml.stream, javax.xml.stream.events, javax.xml.stream.util, javax.xml.transform, javax.xml.transform.dom, javax.xml.transform.sax, javax.xml.transform.stax, javax.xml.transform.stream, javax.xml.validation, javax.xml.xpath, jdk.dynalink, jdk.dynalink.beans, jdk.dynalink.linker, jdk.dynalink.linker.support, jdk.dynalink.support, jdk.javadoc.doclet, jdk.jfr, jdk.jfr.consumer, jdk.jshell, jdk.jshell.execution, jdk.jshell.spi, jdk.jshell.tool, jdk.management.jfr, jdk.net, jdk.nio, jdk.nio.mapmode, jdk.security.jarsigner, jdk.swing.interop, netscape.javascript, org.ietf.jgss, org.w3c.dom, org.w3c.dom.bootstrap, org.w3c.dom.css, org.w3c.dom.events, org.w3c.dom.html, org.w3c.dom.ls, org.w3c.dom.ranges, org.w3c.dom.stylesheets, org.w3c.dom.traversal, org.w3c.dom.views, org.w3c.dom.xpath, org.xml.sax, org.xml.sax.ext, org.xml.sax.helpers, sun.misc, sun.reflect"/>
    <property name="gosh.args" value="--nointeractive"/>
    <property name="eclipse.application" value="org.eclipse.tycho.surefire.osgibooter.headlesstest"/>
    <property name="java.version.date" value="2023-01-17"/>
    <property name="java.home" value="/Users/yunabell/Library/Java/JavaVirtualMachines/corretto-17.0.6/Contents/Home"/>
    <property name="file.separator" value="/"/>
    <property name="osgi.noShutdown" value="false"/>
    <property name="java.vm.compressedOopsMode" value="Zero based"/>
    <property name="line.separator" value="&#10;"/>
    <property name="org.osgi.framework.executionenvironment" value="OSGi/Minimum-1.0, OSGi/Minimum-1.1, OSGi/Minimum-1.2, JavaSE/compact1-1.8, JavaSE/compact2-1.8, JavaSE/compact3-1.8, JRE-1.1, J2SE-1.2, J2SE-1.3, J2SE-1.4, J2SE-1.5, JavaSE-1.6, JavaSE-1.7, JavaSE-1.8, JavaSE-9, JavaSE-10, JavaSE-11, JavaSE-12, JavaSE-13, JavaSE-14, JavaSE-15, JavaSE-16, JavaSE-17"/>
    <property name="java.vm.specification.vendor" value="Oracle Corporation"/>
    <property name="java.specification.name" value="Java Platform API Specification"/>
    <property name="osgi.compatibility.bootdelegation.default" value="true"/>
    <property name="ds.delayed.keepInstances" value="true"/>
    <property name="sun.management.compiler" value="HotSpot 64-Bit Tiered Compilers"/>
    <property name="java.runtime.version" value="17.0.6+10-LTS"/>
    <property name="user.name" value="yunabell"/>
    <property name="eclipse.commands" value="-data&#10;/Users/yunabell/Desktop/emfcloud-modelserver-extremexp/tests/org.eclipse.emfcloud.modelserver.emf.tests/target/work/data&#10;-install&#10;/Users/yunabell/Desktop/emfcloud-modelserver-extremexp/tests/org.eclipse.emfcloud.modelserver.emf.tests/target/work&#10;-configuration&#10;/Users/yunabell/Desktop/emfcloud-modelserver-extremexp/tests/org.eclipse.emfcloud.modelserver.emf.tests/target/work/configuration&#10;-application&#10;org.eclipse.tycho.surefire.osgibooter.headlesstest&#10;-testproperties&#10;/Users/yunabell/Desktop/emfcloud-modelserver-extremexp/tests/org.eclipse.emfcloud.modelserver.emf.tests/target/surefire.properties&#10;"/>
    <property name="path.separator" value=":"/>
    <property name="osgi.framework.useSystemProperties" value="true"/>
    <property name="osgi.compatibility.bootdelegation" value="true"/>
    <property name="os.version" value="14.2.1"/>
    <property name="org.osgi.framework.vendor" value="Eclipse"/>
    <property name="java.runtime.name" value="OpenJDK Runtime Environment"/>
    <property name="org.osgi.supports.framework.fragment" value="true"/>
    <property name="file.encoding" value="UTF-8"/>
    <property name="osgi.bundles" value="reference:file:/Users/yunabell/.m2/repository/p2/osgi/bundle/com.fasterxml.jackson.core.jackson-annotations/2.13.2.v20220426-1653/com.fasterxml.jackson.core.jackson-annotations-2.13.2.v20220426-1653.jar,reference:file:/Users/yunabell/.m2/repository/p2/osgi/bundle/com.fasterxml.jackson.core.jackson-core/2.13.2.v20220426-1653/com.fasterxml.jackson.core.jackson-core-2.13.2.v20220426-1653.jar,reference:file:/Users/yunabell/.m2/repository/p2/osgi/bundle/com.fasterxml.jackson.core.jackson-databind/2.13.2.v20220426-1653/com.fasterxml.jackson.core.jackson-databind-2.13.2.v20220426-1653.jar,reference:file:/Users/yunabell/.m2/repository/p2/osgi/bundle/com.google.guava/30.1.0.v20221112-0806/com.google.guava-30.1.0.v20221112-0806.jar,reference:file:/Users/yunabell/.m2/repository/p2/osgi/bundle/com.google.inject/5.0.1.v20221112-0806/com.google.inject-5.0.1.v20221112-0806.jar,reference:file:/Users/yunabell/.m2/repository/p2/osgi/bundle/javax.inject/1.0.0.v20091030/javax.inject-1.0.0.v20091030.jar,reference:file:/Users/yunabell/.m2/repository/p2/osgi/bundle/org.aopalliance/1.0.0.v20220404-1927/org.aopalliance-1.0.0.v20220404-1927.jar,reference:file:/Users/yunabell/.m2/repository/p2/osgi/bundle/com.ibm.icu/67.1.0.v20200706-1749/com.ibm.icu-67.1.0.v20200706-1749.jar,reference:file:/Users/yunabell/.m2/repository/p2/osgi/bundle/com.sun.jna/5.12.1.v20221103-2317/com.sun.jna-5.12.1.v20221103-2317.jar,reference:file:/Users/yunabell/.m2/repository/p2/osgi/bundle/com.sun.jna.platform/5.12.1.v20221103-2317/com.sun.jna.platform-5.12.1.v20221103-2317.jar,reference:file:/Users/yunabell/.m2/repository/p2/osgi/bundle/javax.servlet/3.1.0.v201410161800/javax.servlet-3.1.0.v201410161800.jar,reference:file:/Users/yunabell/.m2/repository/p2/osgi/bundle/javax.annotation/1.3.5.v20200909-1856/javax.annotation-1.3.5.v20200909-1856.jar,reference:file:/Users/yunabell/.m2/repository/p2/osgi/bundle/net.bytebuddy.byte-buddy/1.12.18.v20221114-2102/net.bytebuddy.byte-buddy-1.12.18.v20221114-2102.jar,reference:file:/Users/yunabell/.m2/repository/p2/osgi/bundle/net.bytebuddy.byte-buddy-agent/1.12.18.v20221114-2102/net.bytebuddy.byte-buddy-agent-1.12.18.v20221114-2102.jar,reference:file:/Users/yunabell/.m2/repository/p2/osgi/bundle/org.apache.batik.constants/1.14.0.v20210324-0332/org.apache.batik.constants-1.14.0.v20210324-0332.jar,reference:file:/Users/yunabell/.m2/repository/p2/osgi/bundle/org.apache.batik.css/1.14.0.v20210324-0332/org.apache.batik.css-1.14.0.v20210324-0332.jar,reference:file:/Users/yunabell/.m2/repository/p2/osgi/bundle/org.apache.batik.util/1.14.0.v20210324-0332/org.apache.batik.util-1.14.0.v20210324-0332.jar,reference:file:/Users/yunabell/.m2/repository/p2/osgi/bundle/org.apache.batik.i18n/1.14.0.v20210324-0332/org.apache.batik.i18n-1.14.0.v20210324-0332.jar,reference:file:/Users/yunabell/.m2/repository/p2/osgi/bundle/org.apache.xmlgraphics/2.6.0.v20210409-0748/org.apache.xmlgraphics-2.6.0.v20210409-0748.jar,reference:file:/Users/yunabell/.m2/repository/p2/osgi/bundle/org.w3c.dom.svg/1.1.0.v201011041433/org.w3c.dom.svg-1.1.0.v201011041433.jar,reference:file:/Users/yunabell/.m2/repository/p2/osgi/bundle/org.w3c.dom.events/3.0.0.draft20060413_v201105210656/org.w3c.dom.events-3.0.0.draft20060413_v201105210656.jar,reference:file:/Users/yunabell/.m2/repository/p2/osgi/bundle/org.w3c.css.sac/1.3.1.v200903091627/org.w3c.css.sac-1.3.1.v200903091627.jar,reference:file:/Users/yunabell/.m2/repository/p2/osgi/bundle/org.apache.commons.io/2.8.0.v20210415-0900/org.apache.commons.io-2.8.0.v20210415-0900.jar,reference:file:/Users/yunabell/.m2/repository/p2/osgi/bundle/org.apache.commons.logging/1.2.0.v20180409-1502/org.apache.commons.logging-1.2.0.v20180409-1502.jar,reference:file:/Users/yunabell/.m2/repository/p2/osgi/bundle/org.apache.felix.scr/2.1.24.v20200924-1939/org.apache.felix.scr-2.1.24.v20200924-1939.jar@1:start,reference:file:/Users/yunabell/.m2/repository/p2/osgi/bundle/org.eclipse.osgi.services/3.10.200.v20210723-0643/org.eclipse.osgi.services-3.10.200.v20210723-0643.jar,reference:file:/Users/yunabell/.m2/repository/p2/osgi/bundle/org.eclipse.osgi.util/3.6.100.v20210723-1119/org.eclipse.osgi.util-3.6.100.v20210723-1119.jar,reference:file:/Users/yunabell/.m2/repository/p2/osgi/bundle/org.apache.logging.log4j/2.17.1.v20220106-2156/org.apache.logging.log4j-2.17.1.v20220106-2156.jar,reference:file:/Users/yunabell/.m2/repository/p2/osgi/bundle/org.bouncycastle.bcpg/1.70.0.v20220105-1522/org.bouncycastle.bcpg-1.70.0.v20220105-1522.jar,reference:file:/Users/yunabell/.m2/repository/p2/osgi/bundle/org.bouncycastle.bcprov/1.70.0.v20220105-1522/org.bouncycastle.bcprov-1.70.0.v20220105-1522.jar,reference:file:/Users/yunabell/.m2/repository/p2/osgi/bundle/org.eclipse.compare/3.8.300.v20220121-1000/org.eclipse.compare-3.8.300.v20220121-1000.jar,reference:file:/Users/yunabell/.m2/repository/p2/osgi/bundle/org.eclipse.ui/3.201.0.v20220124-1108/org.eclipse.ui-3.201.0.v20220124-1108.jar,reference:file:/Users/yunabell/.m2/repository/p2/osgi/bundle/org.eclipse.core.resources/3.16.100.v20220214-1012/org.eclipse.core.resources-3.16.100.v20220214-1012.jar,reference:file:/Users/yunabell/.m2/repository/p2/osgi/bundle/org.eclipse.jface.text/3.20.0.v20220218-1549/org.eclipse.jface.text-3.20.0.v20220218-1549.jar,reference:file:/Users/yunabell/.m2/repository/p2/osgi/bundle/org.eclipse.ui.ide/3.18.500.v20220215-1304/org.eclipse.ui.ide-3.18.500.v20220215-1304.jar,reference:file:/Users/yunabell/.m2/repository/p2/osgi/bundle/org.eclipse.ui.views/3.11.100.v20210816-0811/org.eclipse.ui.views-3.11.100.v20210816-0811.jar,reference:file:/Users/yunabell/.m2/repository/p2/osgi/bundle/org.eclipse.ui.workbench.texteditor/3.16.400.v20220218-1619/org.eclipse.ui.workbench.texteditor-3.16.400.v20220218-1619.jar,reference:file:/Users/yunabell/.m2/repository/p2/osgi/bundle/org.eclipse.core.runtime/3.24.100.v20220211-2001/org.eclipse.core.runtime-3.24.100.v20220211-2001.jar@4:start,reference:file:/Users/yunabell/.m2/repository/p2/osgi/bundle/org.eclipse.core.expressions/3.8.100.v20210910-0640/org.eclipse.core.expressions-3.8.100.v20210910-0640.jar,reference:file:/Users/yunabell/.m2/repository/p2/osgi/bundle/org.eclipse.ui.editors/3.14.300.v20210913-0815/org.eclipse.ui.editors-3.14.300.v20210913-0815.jar,reference:file:/Users/yunabell/.m2/repository/p2/osgi/bundle/org.eclipse.ui.forms/3.11.300.v20211022-1451/org.eclipse.ui.forms-3.11.300.v20211022-1451.jar,reference:file:/Users/yunabell/.m2/repository/p2/osgi/bundle/org.eclipse.compare.core/3.6.1000.v20201020-1107/org.eclipse.compare.core-3.6.1000.v20201020-1107.jar,reference:file:/Users/yunabell/.m2/repository/p2/osgi/bundle/org.eclipse.core.commands/3.10.100.v20210722-1426/org.eclipse.core.commands-3.10.100.v20210722-1426.jar,reference:file:/Users/yunabell/.m2/repository/p2/osgi/bundle/org.eclipse.equinox.common/3.16.0.v20220211-2322/org.eclipse.equinox.common-3.16.0.v20220211-2322.jar@2:start,reference:file:/Users/yunabell/.m2/repository/p2/osgi/bundle/org.eclipse.core.contenttype/3.8.100.v20210910-0640/org.eclipse.core.contenttype-3.8.100.v20210910-0640.jar,reference:file:/Users/yunabell/.m2/repository/p2/osgi/bundle/org.eclipse.equinox.preferences/3.9.100.v20211021-1418/org.eclipse.equinox.preferences-3.9.100.v20211021-1418.jar,reference:file:/Users/yunabell/.m2/repository/p2/osgi/bundle/org.eclipse.equinox.registry/3.11.100.v20211021-1418/org.eclipse.equinox.registry-3.11.100.v20211021-1418.jar,reference:file:/Users/yunabell/.m2/repository/p2/osgi/bundle/org.eclipse.core.databinding/1.11.0.v20220118-1028/org.eclipse.core.databinding-1.11.0.v20220118-1028.jar,reference:file:/Users/yunabell/.m2/repository/p2/osgi/bundle/org.eclipse.core.databinding.observable/1.12.0.v20211231-1006/org.eclipse.core.databinding.observable-1.12.0.v20211231-1006.jar,reference:file:/Users/yunabell/.m2/repository/p2/osgi/bundle/org.eclipse.core.databinding.property/1.9.0.v20210619-1129/org.eclipse.core.databinding.property-1.9.0.v20210619-1129.jar,reference:file:/Users/yunabell/.m2/repository/p2/osgi/bundle/org.eclipse.core.filebuffers/3.7.200.v20220202-1008/org.eclipse.core.filebuffers-3.7.200.v20220202-1008.jar,reference:file:/Users/yunabell/.m2/repository/p2/osgi/bundle/org.eclipse.text/3.12.0.v20210512-1644/org.eclipse.text-3.12.0.v20210512-1644.jar,reference:file:/Users/yunabell/.m2/repository/p2/osgi/bundle/org.eclipse.core.filesystem/1.9.300.v20220121-1426/org.eclipse.core.filesystem-1.9.300.v20220121-1426.jar,reference:file:/Users/yunabell/.m2/repository/p2/osgi/bundle/org.eclipse.core.jobs/3.12.100.v20220120-1329/org.eclipse.core.jobs-3.12.100.v20220120-1329.jar,reference:file:/Users/yunabell/.m2/repository/p2/osgi/bundle/org.eclipse.core.net/1.3.1100.v20210424-0724/org.eclipse.core.net-1.3.1100.v20210424-0724.jar,reference:file:/Users/yunabell/.m2/repository/p2/osgi/bundle/org.eclipse.equinox.security/1.3.900.v20220108-1321/org.eclipse.equinox.security-1.3.900.v20220108-1321.jar,reference:file:/Users/yunabell/.m2/repository/p2/osgi/bundle/org.eclipse.equinox.app/1.6.100.v20211021-1418/org.eclipse.equinox.app-1.6.100.v20211021-1418.jar,reference:file:/Users/yunabell/.m2/repository/p2/osgi/bundle/org.eclipse.e4.core.commands/1.0.100.v20211204-1536/org.eclipse.e4.core.commands-1.0.100.v20211204-1536.jar,reference:file:/Users/yunabell/.m2/repository/p2/osgi/bundle/org.eclipse.e4.core.di/1.8.100.v20210910-0640/org.eclipse.e4.core.di-1.8.100.v20210910-0640.jar,reference:file:/Users/yunabell/.m2/repository/p2/osgi/bundle/org.eclipse.e4.core.contexts/1.9.100.v20211011-1349/org.eclipse.e4.core.contexts-1.9.100.v20211011-1349.jar,reference:file:/Users/yunabell/.m2/repository/p2/osgi/bundle/org.eclipse.e4.core.services/2.3.100.v20210910-0640/org.eclipse.e4.core.services-2.3.100.v20210910-0640.jar,reference:file:/Users/yunabell/.m2/repository/p2/osgi/bundle/org.eclipse.e4.core.di.annotations/1.7.100.v20210910-0640/org.eclipse.e4.core.di.annotations-1.7.100.v20210910-0640.jar,reference:file:/Users/yunabell/.m2/repository/p2/osgi/bundle/org.eclipse.e4.core.di.extensions/0.17.100.v20210910-0640/org.eclipse.e4.core.di.extensions-0.17.100.v20210910-0640.jar,reference:file:/Users/yunabell/.m2/repository/p2/osgi/bundle/org.eclipse.e4.core.di.extensions.supplier/0.16.200.v20210910-0640/org.eclipse.e4.core.di.extensions.supplier-0.16.200.v20210910-0640.jar,reference:file:/Users/yunabell/.m2/repository/p2/osgi/bundle/org.eclipse.e4.emf.xpath/0.3.0.v20210722-1426/org.eclipse.e4.emf.xpath-0.3.0.v20210722-1426.jar,reference:file:/Users/yunabell/.m2/repository/p2/osgi/bundle/org.apache.commons.jxpath/1.3.0.v200911051830/org.apache.commons.jxpath-1.3.0.v200911051830.jar,reference:file:/Users/yunabell/.m2/repository/p2/osgi/bundle/org.eclipse.emf.ecore/2.26.0.v20220123-0838/org.eclipse.emf.ecore-2.26.0.v20220123-0838.jar,reference:file:/Users/yunabell/.m2/repository/p2/osgi/bundle/org.eclipse.e4.ui.bindings/0.13.100.v20210722-1426/org.eclipse.e4.ui.bindings-0.13.100.v20210722-1426.jar,reference:file:/Users/yunabell/.m2/repository/p2/osgi/bundle/org.eclipse.swt/3.119.0.v20220223-1102/org.eclipse.swt-3.119.0.v20220223-1102.jar,reference:file:/Users/yunabell/.m2/repository/p2/osgi/bundle/org.eclipse.e4.ui.services/1.5.0.v20210115-1333/org.eclipse.e4.ui.services-1.5.0.v20210115-1333.jar,reference:file:/Users/yunabell/.m2/repository/p2/osgi/bundle/org.eclipse.jface/3.25.0.v20220218-1636/org.eclipse.jface-3.25.0.v20220218-1636.jar,reference:file:/Users/yunabell/.m2/repository/p2/osgi/bundle/org.eclipse.e4.ui.css.core/0.13.200.v20211022-1402/org.eclipse.e4.ui.css.core-0.13.200.v20211022-1402.jar,reference:file:/Users/yunabell/.m2/repository/p2/osgi/bundle/org.eclipse.e4.ui.css.swt/0.14.400.v20211026-1534/org.eclipse.e4.ui.css.swt-0.14.400.v20211026-1534.jar,reference:file:/Users/yunabell/.m2/repository/p2/osgi/bundle/org.eclipse.e4.ui.css.swt.theme/0.13.0.v20201026-1147/org.eclipse.e4.ui.css.swt.theme-0.13.0.v20201026-1147.jar,reference:file:/Users/yunabell/.m2/repository/p2/osgi/bundle/org.eclipse.e4.ui.di/1.4.0.v20210621-1133/org.eclipse.e4.ui.di-1.4.0.v20210621-1133.jar,reference:file:/Users/yunabell/.m2/repository/p2/osgi/bundle/org.eclipse.e4.ui.dialogs/1.3.200.v20211210-1500/org.eclipse.e4.ui.dialogs-1.3.200.v20211210-1500.jar,reference:file:/Users/yunabell/.m2/repository/p2/osgi/bundle/org.eclipse.e4.ui.ide/3.16.0.v20210625-1251/org.eclipse.e4.ui.ide-3.16.0.v20210625-1251.jar,reference:file:/Users/yunabell/.m2/repository/p2/osgi/bundle/org.eclipse.e4.ui.model.workbench/2.2.0.v20210727-1533/org.eclipse.e4.ui.model.workbench-2.2.0.v20210727-1533.jar,reference:file:/Users/yunabell/.m2/repository/p2/osgi/bundle/org.eclipse.equinox.event/1.6.100.v20211021-1418/org.eclipse.equinox.event-1.6.100.v20211021-1418.jar,reference:file:/Users/yunabell/.m2/repository/p2/osgi/bundle/org.eclipse.e4.ui.widgets/1.3.0.v20210621-1136/org.eclipse.e4.ui.widgets-1.3.0.v20210621-1136.jar,reference:file:/Users/yunabell/.m2/repository/p2/osgi/bundle/org.eclipse.e4.ui.workbench/1.13.100.v20211019-0756/org.eclipse.e4.ui.workbench-1.13.100.v20211019-0756.jar,reference:file:/Users/yunabell/.m2/repository/p2/osgi/bundle/org.eclipse.emf.ecore.change/2.14.0.v20190528-0725/org.eclipse.emf.ecore.change-2.14.0.v20190528-0725.jar,reference:file:/Users/yunabell/.m2/repository/p2/osgi/bundle/org.eclipse.emf.ecore.xmi/2.16.0.v20190528-0725/org.eclipse.emf.ecore.xmi-2.16.0.v20190528-0725.jar,reference:file:/Users/yunabell/.m2/repository/p2/osgi/bundle/org.eclipse.e4.ui.workbench.addons.swt/1.4.400.v20211102-0453/org.eclipse.e4.ui.workbench.addons.swt-1.4.400.v20211102-0453.jar,reference:file:/Users/yunabell/.m2/repository/p2/osgi/bundle/org.eclipse.e4.ui.workbench.renderers.swt/0.15.400.v20220308-0630/org.eclipse.e4.ui.workbench.renderers.swt-0.15.400.v20220308-0630.jar,reference:file:/Users/yunabell/.m2/repository/p2/osgi/bundle/org.eclipse.e4.ui.workbench.swt/0.16.400.v20220222-1128/org.eclipse.e4.ui.workbench.swt-0.16.400.v20220222-1128.jar,reference:file:/Users/yunabell/.m2/repository/p2/osgi/bundle/org.eclipse.jface.databinding/1.13.0.v20210619-1146/org.eclipse.jface.databinding-1.13.0.v20210619-1146.jar,reference:file:/Users/yunabell/.m2/repository/p2/osgi/bundle/org.eclipse.e4.ui.workbench3/0.16.0.v20210619-0956/org.eclipse.e4.ui.workbench3-0.16.0.v20210619-0956.jar,reference:file:/Users/yunabell/.m2/repository/p2/osgi/bundle/org.eclipse.urischeme/1.2.100.v20211001-1648/org.eclipse.urischeme-1.2.100.v20211001-1648.jar,reference:file:/Users/yunabell/.m2/repository/p2/osgi/bundle/org.eclipse.emf.common/2.24.0.v20220123-0838/org.eclipse.emf.common-2.24.0.v20220123-0838.jar,reference:file:/Users/yunabell/.m2/repository/p2/osgi/bundle/org.eclipse.emf.edit/2.17.0.v20220201-1551/org.eclipse.emf.edit-2.17.0.v20220201-1551.jar,reference:file:/Users/yunabell/.m2/repository/p2/osgi/bundle/org.eclipse.emf.transaction/1.9.1.201805140824/org.eclipse.emf.transaction-1.9.1.201805140824.jar,reference:file:/Users/yunabell/.m2/repository/p2/osgi/bundle/org.eclipse.emf.validation/1.8.0.202008210805/org.eclipse.emf.validation-1.8.0.202008210805.jar,reference:file:/Users/yunabell/.m2/repository/p2/osgi/bundle/org.eclipse.emfcloud.emfjson-jackson/2.0.0/org.eclipse.emfcloud.emfjson-jackson-2.0.0.jar,reference:file:/Users/yunabell/Desktop/emfcloud-modelserver-extremexp/bundles/org.eclipse.emfcloud.modelserver.common/target/org.eclipse.emfcloud.modelserver.common-0.7.0-SNAPSHOT.jar,reference:file:/Users/yunabell/Desktop/emfcloud-modelserver-extremexp/bundles/org.eclipse.emfcloud.modelserver.edit/target/org.eclipse.emfcloud.modelserver.edit-0.7.0-SNAPSHOT.jar,reference:file:/Users/yunabell/Desktop/emfcloud-modelserver-extremexp/bundles/org.eclipse.emfcloud.modelserver.emf/target/org.eclipse.emfcloud.modelserver.emf-0.7.0-SNAPSHOT.jar,reference:file:/Users/yunabell/Desktop/emfcloud-modelserver-extremexp/bundles/org.eclipse.emfcloud.modelserver.lib/target/org.eclipse.emfcloud.modelserver.lib-0.7.0-SNAPSHOT.jar,reference:file:/Users/yunabell/.m2/repository/p2/osgi/bundle/org.eclipse.jetty.util/9.4.44.v20210927/org.eclipse.jetty.util-9.4.44.v20210927.jar,reference:file:/Users/yunabell/Desktop/emfcloud-modelserver-extremexp/tests/org.eclipse.emfcloud.modelserver.emf.tests,reference:file:/Users/yunabell/Desktop/emfcloud-modelserver-extremexp/tests/org.eclipse.emfcloud.modelserver.tests/target/org.eclipse.emfcloud.modelserver.tests-0.7.0-SNAPSHOT.jar,reference:file:/Users/yunabell/.m2/repository/p2/osgi/bundle/org.junit/4.13.2.v20211018-1956/org.junit-4.13.2.v20211018-1956.jar,reference:file:/Users/yunabell/.m2/repository/p2/osgi/bundle/org.objenesis/3.3.0.v20221103-2317/org.objenesis-3.3.0.v20221103-2317.jar,reference:file:/Users/yunabell/.m2/repository/p2/osgi/bundle/org.eclipse.jetty.http/9.4.44.v20210927/org.eclipse.jetty.http-9.4.44.v20210927.jar,reference:file:/Users/yunabell/.m2/repository/p2/osgi/bundle/org.eclipse.jetty.io/9.4.44.v20210927/org.eclipse.jetty.io-9.4.44.v20210927.jar,reference:file:/Users/yunabell/.m2/repository/p2/osgi/bundle/org.eclipse.jetty.server/9.4.44.v20210927/org.eclipse.jetty.server-9.4.44.v20210927.jar,reference:file:/Users/yunabell/.m2/repository/p2/osgi/bundle/org.eclipse.jetty.servlet/9.4.44.v20210927/org.eclipse.jetty.servlet-9.4.44.v20210927.jar,reference:file:/Users/yunabell/.m2/repository/p2/osgi/bundle/org.eclipse.jetty.websocket.server/9.4.44.v20210927/org.eclipse.jetty.websocket.server-9.4.44.v20210927.jar,reference:file:/Users/yunabell/.m2/repository/p2/osgi/bundle/org.eclipse.jetty.websocket.api/9.4.44.v20210927/org.eclipse.jetty.websocket.api-9.4.44.v20210927.jar,reference:file:/Users/yunabell/.m2/repository/p2/osgi/bundle/org.eclipse.jetty.websocket.common/9.4.44.v20210927/org.eclipse.jetty.websocket.common-9.4.44.v20210927.jar,reference:file:/Users/yunabell/.m2/repository/p2/osgi/bundle/org.eclipse.jetty.websocket.servlet/9.4.44.v20210927/org.eclipse.jetty.websocket.servlet-9.4.44.v20210927.jar,reference:file:/Users/yunabell/.m2/repository/p2/osgi/bundle/org.eclipse.equinox.bidi/1.4.100.v20211021-1418/org.eclipse.equinox.bidi-1.4.100.v20211021-1418.jar,reference:file:/Users/yunabell/.m2/repository/p2/osgi/bundle/org.eclipse.equinox.launcher/1.6.400.v20210924-0641/org.eclipse.equinox.launcher-1.6.400.v20210924-0641.jar,reference:file:/Users/yunabell/.m2/repository/p2/osgi/bundle/org.eclipse.equinox.p2.artifact.repository/1.4.400.v20220223-1131/org.eclipse.equinox.p2.artifact.repository-1.4.400.v20220223-1131.jar,reference:file:/Users/yunabell/.m2/repository/p2/osgi/bundle/org.eclipse.equinox.p2.metadata/2.6.100.v20210813-0606/org.eclipse.equinox.p2.metadata-2.6.100.v20210813-0606.jar,reference:file:/Users/yunabell/.m2/repository/p2/osgi/bundle/org.tukaani.xz/1.9.0.v20210624-1259/org.tukaani.xz-1.9.0.v20210624-1259.jar,reference:file:/Users/yunabell/.m2/repository/p2/osgi/bundle/org.eclipse.equinox.p2.core/2.9.0.v20220210-1157/org.eclipse.equinox.p2.core-2.9.0.v20220210-1157.jar,reference:file:/Users/yunabell/.m2/repository/p2/osgi/bundle/org.eclipse.equinox.p2.jarprocessor/1.2.200.v20220207-0719/org.eclipse.equinox.p2.jarprocessor-1.2.200.v20220207-0719.jar,reference:file:/Users/yunabell/.m2/repository/p2/osgi/bundle/org.eclipse.equinox.p2.repository/2.6.0.v20220215-0840/org.eclipse.equinox.p2.repository-2.6.0.v20220215-0840.jar,reference:file:/Users/yunabell/.m2/repository/p2/osgi/bundle/org.eclipse.equinox.p2.engine/2.7.300.v20220209-1714/org.eclipse.equinox.p2.engine-2.7.300.v20220209-1714.jar,reference:file:/Users/yunabell/.m2/repository/p2/osgi/bundle/org.eclipse.equinox.p2.metadata.repository/1.4.0.v20210315-2228/org.eclipse.equinox.p2.metadata.repository-1.4.0.v20210315-2228.jar,reference:file:/Users/yunabell/.m2/repository/p2/osgi/bundle/org.eclipse.help/3.9.100.v20210721-0601/org.eclipse.help-3.9.100.v20210721-0601.jar,reference:file:/Users/yunabell/.m2/repository/p2/osgi/bundle/org.eclipse.jetty.security/9.4.44.v20210927/org.eclipse.jetty.security-9.4.44.v20210927.jar,reference:file:/Users/yunabell/.m2/repository/p2/osgi/bundle/org.eclipse.jetty.util.ajax/9.4.44.v20210927/org.eclipse.jetty.util.ajax-9.4.44.v20210927.jar,reference:file:/Users/yunabell/.m2/repository/p2/osgi/bundle/org.eclipse.ltk.core.refactoring/3.12.100.v20210926-1112/org.eclipse.ltk.core.refactoring-3.12.100.v20210926-1112.jar,reference:file:/Users/yunabell/.m2/repository/p2/osgi/bundle/org.eclipse.ltk.ui.refactoring/3.12.0.v20210618-1953/org.eclipse.ltk.ui.refactoring-3.12.0.v20210618-1953.jar,reference:file:/Users/yunabell/.m2/repository/p2/osgi/bundle/org.eclipse.ui.navigator/3.10.200.v20211009-1706/org.eclipse.ui.navigator-3.10.200.v20211009-1706.jar,reference:file:/Users/yunabell/.m2/repository/p2/osgi/bundle/org.eclipse.team.core/3.9.300.v20220204-0611/org.eclipse.team.core-3.9.300.v20220204-0611.jar,reference:file:/Users/yunabell/.m2/repository/p2/osgi/bundle/org.eclipse.team.ui/3.9.200.v20211130-1532/org.eclipse.team.ui-3.9.200.v20211130-1532.jar,reference:file:/Users/yunabell/.m2/repository/p2/osgi/bundle/org.eclipse.swt.win32.win32.x86_64/3.119.0.v20220223-1102/org.eclipse.swt.win32.win32.x86_64-3.119.0.v20220223-1102.jar,reference:file:/Users/yunabell/.m2/repository/p2/osgi/bundle/org.eclipse.ui.workbench/3.125.0.v20220308-0722/org.eclipse.ui.workbench-3.125.0.v20220308-0722.jar,reference:file:/Users/yunabell/.m2/repository/p2/osgi/bundle/org.eclipse.ui.ide.application/1.4.300.v20220114-0859/org.eclipse.ui.ide.application-1.4.300.v20220114-0859.jar,reference:file:/Users/yunabell/.m2/repository/p2/osgi/bundle/org.eclipse.ui.navigator.resources/3.8.400.v20220203-1803/org.eclipse.ui.navigator.resources-3.8.400.v20220203-1803.jar,reference:file:/Users/yunabell/.m2/repository/p2/osgi/bundle/org.eclipse.ui.views.properties.tabbed/3.9.100.v20201223-1348/org.eclipse.ui.views.properties.tabbed-3.9.100.v20201223-1348.jar,reference:file:/Users/yunabell/.m2/repository/p2/osgi/bundle/org.hamcrest.core/1.3.0.v20180420-1519/org.hamcrest.core-1.3.0.v20180420-1519.jar,reference:file:/Users/yunabell/.m2/repository/p2/osgi/bundle/org.w3c.dom.smil/1.0.1.v200903091627/org.w3c.dom.smil-1.0.1.v200903091627.jar,reference:file:/Users/yunabell/Desktop/emfcloud-modelserver-extremexp/tests/org.eclipse.emfcloud.modelserver.emf.tests,reference:file:/Users/yunabell/.m2/repository/p2/osgi/bundle/org.eclipse.swt.gtk.linux.x86_64/3.119.0.v20220223-1102/org.eclipse.swt.gtk.linux.x86_64-3.119.0.v20220223-1102.jar,reference:file:/Users/yunabell/.m2/repository/p2/osgi/bundle/org.eclipse.swt.cocoa.macosx.x86_64/3.119.0.v20220223-1102/org.eclipse.swt.cocoa.macosx.x86_64-3.119.0.v20220223-1102.jar,reference:file:/Users/yunabell/.m2/repository/org/eclipse/tycho/org.eclipse.tycho.surefire.osgibooter/2.7.5/org.eclipse.tycho.surefire.osgibooter-2.7.5.jar,reference:file:/Users/yunabell/.m2/repository/org/eclipse/tycho/org.eclipse.tycho.surefire.junit4/2.7.5/org.eclipse.tycho.surefire.junit4-2.7.5.jar"/>
    <property name="osgi.framework.shape" value="jar"/>
    <property name="java.vm.name" value="OpenJDK 64-Bit Server VM"/>
    <property name="java.vendor.version" value="Corretto-17.0.6.10.1"/>
    <property name="osgi.framework" value="file:/Users/yunabell/.m2/repository/p2/osgi/bundle/org.eclipse.osgi/3.17.200.v20220215-2237/org.eclipse.osgi-3.17.200.v20220215-2237.jar"/>
    <property name="osgi.dev" value="file:/Users/yunabell/Desktop/emfcloud-modelserver-extremexp/tests/org.eclipse.emfcloud.modelserver.emf.tests/target/work/dev.properties"/>
    <property name="osgi.configuration.area" value="file:/Users/yunabell/Desktop/emfcloud-modelserver-extremexp/tests/org.eclipse.emfcloud.modelserver.emf.tests/target/work/configuration/"/>
    <property name="osgi.os" value="macosx"/>
    <property name="osgi.clean" value="true"/>
    <property name="java.vendor.url.bug" value="https://github.com/corretto/corretto-17/issues/"/>
    <property name="java.io.tmpdir" value="/var/folders/f9/gg_xdm5n6xj6zvs_3xkkqwsm0000gn/T/"/>
    <property name="org.osgi.framework.os.name" value="MacOSX"/>
    <property name="eclipse.home.location" value="file:/Users/yunabell/Desktop/emfcloud-modelserver-extremexp/tests/org.eclipse.emfcloud.modelserver.emf.tests/target/work/"/>
    <property name="org.osgi.supports.framework.extension" value="true"/>
    <property name="java.version" value="17.0.6"/>
    <property name="org.osgi.framework.storage" value="/Users/yunabell/Desktop/emfcloud-modelserver-extremexp/tests/org.eclipse.emfcloud.modelserver.emf.tests/target/work/configuration"/>
    <property name="user.dir" value="/Users/yunabell/Desktop/emfcloud-modelserver-extremexp/tests/org.eclipse.emfcloud.modelserver.emf.tests"/>
    <property name="os.arch" value="aarch64"/>
    <property name="osgi.ws" value="cocoa"/>
    <property name="osgi.instance.area" value="file:/Users/yunabell/Desktop/emfcloud-modelserver-extremexp/tests/org.eclipse.emfcloud.modelserver.emf.tests/target/work/data/"/>
    <property name="osgi.bundles.defaultStartLevel" value="4"/>
    <property name="java.vm.specification.name" value="Java Virtual Machine Specification"/>
    <property name="osgi.configuration.cascaded" value="false"/>
    <property name="eclipse.startTime" value="1709969796188"/>
    <property name="native.encoding" value="UTF-8"/>
    <property name="java.library.path" value="/Users/yunabell/Library/Java/Extensions:/Library/Java/Extensions:/Network/Library/Java/Extensions:/System/Library/Java/Extensions:/usr/lib/java:."/>
    <property name="org.osgi.framework.os.version" value="14.2.1"/>
    <property name="java.vm.info" value="mixed mode, sharing"/>
    <property name="java.vendor" value="Amazon.com Inc."/>
    <property name="java.vm.version" value="17.0.6+10-LTS"/>
    <property name="sun.io.unicode.encoding" value="UnicodeBig"/>
    <property name="eclipse.stateSaveDelayInterval" value="30000"/>
    <property name="java.class.version" value="61.0"/>
  </properties>
  <testcase name="decode_wscontext" classname="org.eclipse.emfcloud.modelserver.emf.common.codecs.DICodecsManagerTest" time="0.2"/>
  <testcase name="decode_context" classname="org.eclipse.emfcloud.modelserver.emf.common.codecs.DICodecsManagerTest" time="0.009"/>
  <testcase name="encode_wscontext" classname="org.eclipse.emfcloud.modelserver.emf.common.codecs.DICodecsManagerTest" time="0.004"/>
  <testcase name="encode_context" classname="org.eclipse.emfcloud.modelserver.emf.common.codecs.DICodecsManagerTest" time="0.004"/>
  <testcase name="decode_wscontextWithWorkspaceURI" classname="org.eclipse.emfcloud.modelserver.emf.common.codecs.DICodecsManagerTest" time="0.004"/>
  <testcase name="decode_contextWithWorkspaceURI" classname="org.eclipse.emfcloud.modelserver.emf.common.codecs.DICodecsManagerTest" time="0.004"/>
</testsuite>